2026-03-25 16:00:49,236 - system_integration - ERROR - Error parsing JSON input: Expecting property name enclosed in double quotes: line 1 column 3 (char 2)
2026-03-25 16:03:01,447 - system_integration - ERROR - Error parsing JSON input: Expecting property name enclosed in double quotes: line 1 column 3 (char 2)
2026-03-25 16:03:48,318 - system_integration - INFO - Received parameters: {'action': 'recommend', 'risk_profile': 'moderate', 'investment_horizon': 'medium', 'sectors': ['technology'], 'exclude_symbols': [], 'max_results': 3}
2026-03-25 16:03:48,319 - system_integration - INFO - System Integration initialized
2026-03-25 16:03:49,879 - system_integration - INFO - Component loaded: recommendation
2026-03-25 16:03:51,946 - analysis.technical.analyzer - ERROR - ОШГ Эн ЗбКНбнб ЗбЭдн: Invalid value '[0.05 0.07 0.05 0.06 0.16 0.04 0.03 0.02 0.01 0.09 0.08 0.03 0.02 0.01
 0.06 0.04 0.02 0.02 0.1  0.02 0.09 0.1  0.11 0.02 0.06 0.07 0.01 0.04
 0.02 0.04 0.04 0.01 0.03 0.02 0.02 0.02 0.01 0.01 0.06 0.05 0.03 0.01
 0.01 0.01 0.03 0.01 0.02 0.03 0.06 0.01 0.03 0.02 0.02 0.06 0.01 0.03
 0.02 0.01 0.02 0.03 0.01 0.01 0.01 0.01 0.01 0.03 0.06 0.01 0.04 0.02
 0.01 0.02 0.01 0.01 0.13 0.17 0.07 0.04 0.03 0.03 0.02 0.12 0.05]' for dtype 'int64'
2026-03-25 16:03:53,814 - yfinance - ERROR - HTTP Error 404: {"quoteSummary":{"result":null,"error":{"code":"Not Found","description":"Quote not found for symbol: 6015"}}}
2026-03-25 16:03:54,829 - yfinance - ERROR - $6015: possibly delisted; no timezone found
2026-03-25 16:03:55,756 - analysis.technical.analyzer - ERROR - ОШГ Эн ЗбКНбнб ЗбЭдн: Invalid value '[0.25 0.1  0.15 0.75 0.9  0.05 0.25 0.05 0.07 0.09 0.65 0.45 0.1  0.05
 0.3  0.29 0.54 0.1  0.1  0.19 0.23 0.11 0.25 0.05 0.07 0.18 0.05 0.06
 0.1  0.21 0.08 0.11 0.05 0.03 0.06 0.06 0.12 0.77 0.42 0.52 0.38 0.47
 0.19 0.07 0.09 0.12 0.23 0.01 0.47 1.06 0.02 0.2  0.08 0.26 0.08 0.08
 0.04 0.04 0.12 0.04 0.01 0.01 0.23 0.07 0.16 0.14 0.08 0.05 0.2  0.52
 0.15 0.56 0.17 0.06 0.04 0.06 0.18 0.44 0.34 0.38 0.1  0.06 0.18 0.16
 0.04 0.1  0.28 0.48 0.5  0.36 0.26 0.52 0.06 0.1 ]' for dtype 'int64'
2026-03-25 16:03:56,524 - yfinance - ERROR - HTTP Error 404: {"quoteSummary":{"result":null,"error":{"code":"Not Found","description":"Quote not found for symbol: 2222"}}}
2026-03-25 16:03:57,663 - yfinance - ERROR - $2222: possibly delisted; no timezone found
2026-03-25 16:03:58,627 - analysis.technical.analyzer - ERROR - ОШГ Эн ЗбКНбнб ЗбЭдн: Invalid value '[0.05 0.03 0.13 0.18 0.01 0.06 0.05 0.01 0.34 0.15 0.01 0.03 0.1  0.03
 0.1  0.02 0.19 0.45 0.11 0.03 0.27 0.07 0.05 0.18 0.16 0.02 0.04 0.04
 0.05 0.24 0.05 0.22 0.16 0.11 0.01 0.08 0.04 0.02 0.15 0.01 0.22 0.01
 0.06 0.23 0.08 0.33 0.41 0.09 0.04 0.06 0.15 0.35 0.29 0.07 0.16 0.03
 0.02 0.08 0.08 0.06 0.1  0.06 0.05 0.02 0.02 0.15 0.02 0.01 0.14 0.07
 0.18 0.04 0.07 0.07 0.04 0.11 0.08 0.04 0.01 0.27 0.47 0.4  0.19 0.02
 0.17 0.14 0.34 0.22 0.02 0.07 0.06]' for dtype 'int64'
2026-03-25 16:03:59,411 - yfinance - ERROR - HTTP Error 404: {"quoteSummary":{"result":null,"error":{"code":"Not Found","description":"Quote not found for symbol: 2350"}}}
2026-03-25 16:04:00,515 - yfinance - ERROR - $2350: possibly delisted; no timezone found
2026-03-25 16:04:01,395 - analysis.technical.analyzer - ERROR - ОШГ Эн ЗбКНбнб ЗбЭдн: Invalid value '[0.65 0.55 0.2  0.45 0.2  0.3  0.15 0.2  0.35 0.1  0.05 0.05 0.1  0.1
 0.05 0.5  0.3  0.35 0.25 0.4  1.2  0.05 0.25 0.02 0.36 0.34 0.14 0.3
 0.1  0.12 0.2  0.18 0.1  0.08 0.06 0.16 0.04 0.16 0.08 0.08 0.15 0.03
 0.07 0.22 0.5  2.52 0.22 0.18 0.1  0.06 0.06 0.04 0.14 0.02 0.04 0.16
 0.08 0.14 0.12 0.01 0.04 0.03 0.25 0.01 0.32 0.1  0.04 0.09 0.31 0.07
 0.24 0.8  0.28 0.16 0.44 0.8  0.08 0.04 0.02 0.6  0.2  1.04 0.1  0.24
 0.18 0.16 0.1  0.14 0.42 0.18 0.28 0.78 0.42 0.22 0.16 0.12 0.66]' for dtype 'int64'
2026-03-25 16:04:02,207 - yfinance - ERROR - HTTP Error 404: {"quoteSummary":{"result":null,"error":{"code":"Not Found","description":"Quote not found for symbol: 1150"}}}
2026-03-25 16:04:03,254 - yfinance - ERROR - $1150: possibly delisted; no timezone found
2026-03-25 16:04:04,151 - analysis.technical.analyzer - ERROR - ОШГ Эн ЗбКНбнб ЗбЭдн: Invalid value '[0.6  0.65 0.35 0.8  0.4  0.3  0.1  1.6  0.2  0.25 0.2  0.05 0.1  0.15
 0.1  0.35 0.4  0.25 0.55 0.65 0.3  0.35 0.15 1.45 0.3  0.15 0.14 0.26
 0.04 1.08 0.06 0.66 0.08 0.18 0.2  0.12 0.1  0.56 0.02 0.04 0.26 0.16
 0.06 0.06 0.64 0.04 0.66 0.1  3.44 2.4  0.84 0.06 0.44 0.02 0.2  0.26
 0.2  0.4  0.12 0.72 0.5  0.62 0.22 0.1  0.06 0.12 0.02 0.8  0.24 0.26
 0.08 0.28 0.34 0.8  0.42 0.04 0.06 0.2  1.74 0.84 0.06 1.1  0.88 0.1
 0.86 1.3  0.4  0.24 0.5  0.3  0.12 0.66 0.12 0.96 0.14 0.08 0.2  0.16
 1.34 0.98]' for dtype 'int64'
2026-03-25 16:04:04,939 - yfinance - ERROR - HTTP Error 404: {"quoteSummary":{"result":null,"error":{"code":"Not Found","description":"Quote not found for symbol: 1180"}}}
2026-03-25 16:04:06,249 - yfinance - ERROR - $1180: possibly delisted; no timezone found
2026-03-25 16:04:07,310 - analysis.technical.analyzer - ERROR - ОШГ Эн ЗбКНбнб ЗбЭдн: Invalid value '[0.3  0.1  0.48 0.38 0.16 0.42 0.22 0.3  1.74 0.05 0.25 1.05 0.2  0.3
 0.05 0.1  0.45 0.05 0.2  0.06 0.74 0.24 0.18 1.12 0.44 0.02 0.01 0.39
 0.82 0.13 0.19 0.31 0.05 0.04 0.04 0.08 0.27 0.34 0.04 0.38 0.17 0.01
 0.16 0.06 0.53 0.27 1.26 0.17 0.44 0.16 0.26 0.02 0.14 0.46 0.6  0.07
 0.02 0.09 0.27 0.04 0.13 0.1  0.28 0.03 0.08 0.06 0.04 0.48 0.15 0.21
 0.32 0.17 0.56 0.31 0.06 0.12 0.32 0.27 0.06 0.29 0.02 0.36 0.04 0.48
 0.97 0.29 0.09 0.23 0.43 0.24]' for dtype 'int64'
2026-03-25 16:04:08,046 - yfinance - ERROR - HTTP Error 404: {"quoteSummary":{"result":null,"error":{"code":"Not Found","description":"Quote not found for symbol: 4250"}}}
2026-03-25 16:04:09,006 - yfinance - ERROR - $4250: possibly delisted; no timezone found
2026-03-25 16:04:54,570 - system_integration - INFO - Received parameters: {'action': 'get_market_overview'}
2026-03-25 16:04:54,571 - system_integration - INFO - System Integration initialized
2026-03-25 16:04:57,935 - yfinance - ERROR - HTTP Error 404: {"quoteSummary":{"result":null,"error":{"code":"Not Found","description":"Quote not found for symbol: ^TASI"}}}
2026-03-25 16:04:58,961 - yfinance - ERROR - HTTP Error 404: {"quoteSummary":{"result":null,"error":{"code":"Not Found","description":"Quote not found for symbol: ^NOMU"}}}
2026-03-25 16:05:00,934 - system_integration - INFO - Received parameters: {'action': 'get_top_movers', 'type': 'gainers', 'limit': 3}
2026-03-25 16:05:00,934 - system_integration - INFO - System Integration initialized
2026-03-25 16:05:23,199 - system_integration - INFO - Received parameters: {'action': 'get_top_movers', 'type': 'most_active', 'limit': 50}
2026-03-25 16:05:23,199 - system_integration - INFO - System Integration initialized
