2025-08-29 07:31:31,155 - mock_integration - INFO - Received parameters: {'action': 'recommend', 'risk_profile': 'moderate', 'investment_horizon': 'medium', 'sectors': ['technology', 'healthcare'], 'exclude_symbols': ['AAPL', 'MSFT'], 'max_results': 5}
2025-08-29 07:31:31,449 - mock_integration - INFO - Received parameters: {'action': 'technical_analysis', 'symbol': '2222.SR', 'indicators': ['SMA', 'RSI', 'MACD'], 'timeframe': 'daily'}
2025-08-29 07:31:31,452 - mock_integration - ERROR - Unexpected error: unsupported operand type(s) for +: 'int' and 'str'
2025-08-29 07:31:31,462 - mock_integration - ERROR - Traceback (most recent call last):
  File "R:\localhost\htdocs\tasi3\integration/mock_integration.py", line 258, in main
    result = generate_mock_data(action, params)
  File "R:\localhost\htdocs\tasi3\integration/mock_integration.py", line 97, in generate_mock_data
    'trend': 'ŐÇÚĎ' if sum(indicator_results.keys()) % 2 == 0 else 'ĺÇČŘ',
                       ~~~^^^^^^^^^^^^^^^^^^^^^^^^^^
TypeError: unsupported operand type(s) for +: 'int' and 'str'

2025-08-29 07:31:31,659 - mock_integration - INFO - Received parameters: {'action': 'fundamental_analysis', 'symbol': '2222.SR', 'metrics': ['PE', 'PB', 'ROE', 'EPS']}
2025-08-29 07:31:31,763 - mock_integration - INFO - Received parameters: {'action': 'collect_market_data', 'symbols': ['2222.SR', '1211.SR'], 'data_types': ['price', 'volume', 'market_cap']}
2025-08-29 07:31:31,862 - mock_integration - INFO - Received parameters: {'action': 'collect_financial_data', 'symbols': ['2222.SR', '1211.SR'], 'statement_types': ['income', 'balance', 'cash_flow'], 'periods': ['annual', 'quarterly']}
2025-08-29 07:31:31,962 - mock_integration - INFO - Received parameters: {'action': 'analyze_sentiment', 'symbols': ['2222.SR', '1211.SR'], 'sources': ['news', 'social_media', 'analyst_ratings'], 'time_range': '1w'}
2025-08-29 07:31:32,057 - mock_integration - INFO - Received parameters: {'action': 'process_financial_data', 'data': {'symbol': '2222.SR', 'financials': {'income': {'revenue': [100000000, 120000000, 150000000], 'net_income': [10000000, 15000000, 20000000]}, 'balance': {'total_assets': [500000000, 550000000, 600000000], 'total_liabilities': [300000000, 320000000, 350000000]}}}, 'processing_type': 'normalization', 'options': {'method': 'min_max'}}
2025-08-29 07:32:03,916 - mock_integration - INFO - Received parameters: {'action': 'recommend', 'risk_profile': 'moderate', 'investment_horizon': 'medium', 'sectors': ['technology', 'healthcare'], 'exclude_symbols': ['AAPL', 'MSFT'], 'max_results': 5}
2025-08-29 07:32:04,019 - mock_integration - INFO - Received parameters: {'action': 'technical_analysis', 'symbol': '2222.SR', 'indicators': ['SMA', 'RSI', 'MACD'], 'timeframe': 'daily'}
2025-08-29 07:32:04,127 - mock_integration - INFO - Received parameters: {'action': 'fundamental_analysis', 'symbol': '2222.SR', 'metrics': ['PE', 'PB', 'ROE', 'EPS']}
2025-08-29 07:32:04,228 - mock_integration - INFO - Received parameters: {'action': 'collect_market_data', 'symbols': ['2222.SR', '1211.SR'], 'data_types': ['price', 'volume', 'market_cap']}
2025-08-29 07:32:04,327 - mock_integration - INFO - Received parameters: {'action': 'collect_financial_data', 'symbols': ['2222.SR', '1211.SR'], 'statement_types': ['income', 'balance', 'cash_flow'], 'periods': ['annual', 'quarterly']}
2025-08-29 07:32:04,430 - mock_integration - INFO - Received parameters: {'action': 'analyze_sentiment', 'symbols': ['2222.SR', '1211.SR'], 'sources': ['news', 'social_media', 'analyst_ratings'], 'time_range': '1w'}
2025-08-29 07:32:04,529 - mock_integration - INFO - Received parameters: {'action': 'process_financial_data', 'data': {'symbol': '2222.SR', 'financials': {'income': {'revenue': [100000000, 120000000, 150000000], 'net_income': [10000000, 15000000, 20000000]}, 'balance': {'total_assets': [500000000, 550000000, 600000000], 'total_liabilities': [300000000, 320000000, 350000000]}}}, 'processing_type': 'normalization', 'options': {'method': 'min_max'}}
2025-08-29 07:34:45,756 - mock_integration - INFO - Received parameters: {'action': 'recommend', 'risk_profile': 'moderate', 'investment_horizon': 'medium', 'sectors': ['technology', 'healthcare'], 'exclude_symbols': ['AAPL', 'MSFT'], 'max_results': 5}
2025-08-29 07:34:45,870 - mock_integration - INFO - Received parameters: {'action': 'technical_analysis', 'symbol': '2222.SR', 'indicators': ['SMA', 'RSI', 'MACD'], 'timeframe': 'daily'}
2025-08-29 07:34:45,975 - mock_integration - INFO - Received parameters: {'action': 'fundamental_analysis', 'symbol': '2222.SR', 'metrics': ['PE', 'PB', 'ROE', 'EPS']}
2025-08-29 07:34:46,080 - mock_integration - INFO - Received parameters: {'action': 'collect_market_data', 'symbols': ['2222.SR', '1211.SR'], 'data_types': ['price', 'volume', 'market_cap']}
2025-08-29 07:34:46,181 - mock_integration - INFO - Received parameters: {'action': 'collect_financial_data', 'symbols': ['2222.SR', '1211.SR'], 'statement_types': ['income', 'balance', 'cash_flow'], 'periods': ['annual', 'quarterly']}
2025-08-29 07:34:46,282 - mock_integration - INFO - Received parameters: {'action': 'analyze_sentiment', 'symbols': ['2222.SR', '1211.SR'], 'sources': ['news', 'social_media', 'analyst_ratings'], 'time_range': '1w'}
2025-08-29 07:34:46,387 - mock_integration - INFO - Received parameters: {'action': 'process_financial_data', 'data': {'symbol': '2222.SR', 'financials': {'income': {'revenue': [100000000, 120000000, 150000000], 'net_income': [10000000, 15000000, 20000000]}, 'balance': {'total_assets': [500000000, 550000000, 600000000], 'total_liabilities': [300000000, 320000000, 350000000]}}}, 'processing_type': 'normalization', 'options': {'method': 'min_max'}}
2025-08-29 07:36:17,758 - mock_integration - INFO - Received parameters: {'action': 'recommend', 'risk_profile': 'moderate', 'investment_horizon': 'medium', 'sectors': ['technology', 'healthcare'], 'exclude_symbols': ['AAPL', 'MSFT'], 'max_results': 5}
2025-08-29 07:36:17,867 - mock_integration - INFO - Received parameters: {'action': 'technical_analysis', 'symbol': '2222.SR', 'indicators': ['SMA', 'RSI', 'MACD'], 'timeframe': 'daily'}
2025-08-29 07:36:17,977 - mock_integration - INFO - Received parameters: {'action': 'fundamental_analysis', 'symbol': '2222.SR', 'metrics': ['PE', 'PB', 'ROE', 'EPS']}
2025-08-29 07:36:18,493 - mock_integration - INFO - Received parameters: {'action': 'collect_market_data', 'symbols': ['2222.SR', '1211.SR'], 'data_types': ['price', 'volume', 'market_cap']}
2025-08-29 07:36:18,635 - mock_integration - INFO - Received parameters: {'action': 'collect_financial_data', 'symbols': ['2222.SR', '1211.SR'], 'statement_types': ['income', 'balance', 'cash_flow'], 'periods': ['annual', 'quarterly']}
2025-08-29 07:36:18,777 - mock_integration - INFO - Received parameters: {'action': 'analyze_sentiment', 'symbols': ['2222.SR', '1211.SR'], 'sources': ['news', 'social_media', 'analyst_ratings'], 'time_range': '1w'}
2025-08-29 07:36:18,887 - mock_integration - INFO - Received parameters: {'action': 'process_financial_data', 'data': {'symbol': '2222.SR', 'financials': {'income': {'revenue': [100000000, 120000000, 150000000], 'net_income': [10000000, 15000000, 20000000]}, 'balance': {'total_assets': [500000000, 550000000, 600000000], 'total_liabilities': [300000000, 320000000, 350000000]}}}, 'processing_type': 'normalization', 'options': {'method': 'min_max'}}
2025-08-29 07:39:13,762 - mock_integration - INFO - Received parameters: {'action': 'recommend', 'risk_profile': 'moderate', 'investment_horizon': 'medium', 'sectors': ['technology', 'healthcare'], 'exclude_symbols': ['AAPL', 'MSFT'], 'max_results': 5}
2025-08-29 07:40:12,558 - mock_integration - INFO - Received parameters: {'action': 'technical_analysis', 'symbol': '2222.SR', 'indicators': ['SMA', 'RSI', 'MACD'], 'timeframe': 'daily'}
2025-08-29 07:46:12,861 - mock_integration - INFO - Received parameters: {'action': 'recommend', 'risk_profile': 'moderate', 'investment_horizon': 'medium', 'sectors': ['technology', 'healthcare'], 'exclude_symbols': ['AAPL', 'MSFT'], 'max_results': 5}
2025-08-29 07:46:13,174 - mock_integration - INFO - Received parameters: {'action': 'technical_analysis', 'symbol': '2222.SR', 'indicators': ['SMA', 'RSI', 'MACD'], 'timeframe': 'daily'}
2025-08-29 07:46:13,523 - mock_integration - INFO - Received parameters: {'action': 'fundamental_analysis', 'symbol': '2222.SR', 'metrics': ['PE', 'PB', 'ROE', 'EPS']}
2025-08-29 07:46:13,795 - mock_integration - INFO - Received parameters: {'action': 'collect_market_data', 'symbols': ['2222.SR', '1211.SR'], 'data_types': ['price', 'volume', 'market_cap']}
2025-08-29 07:46:14,028 - mock_integration - INFO - Received parameters: {'action': 'collect_financial_data', 'symbols': ['2222.SR', '1211.SR'], 'statement_types': ['income', 'balance', 'cash_flow'], 'periods': ['annual', 'quarterly']}
2025-08-29 07:46:14,288 - mock_integration - INFO - Received parameters: {'action': 'analyze_sentiment', 'symbols': ['2222.SR', '1211.SR'], 'sources': ['news', 'social_media', 'analyst_ratings'], 'time_range': '1w'}
2025-08-29 07:46:57,166 - mock_integration - INFO - Received parameters: {'action': 'recommend', 'risk_profile': 'moderate', 'investment_horizon': 'medium', 'sectors': ['technology', 'healthcare'], 'exclude_symbols': ['AAPL', 'MSFT'], 'max_results': 5}
2025-08-29 07:46:57,377 - mock_integration - INFO - Received parameters: {'action': 'technical_analysis', 'symbol': '2222.SR', 'indicators': ['SMA', 'RSI', 'MACD'], 'timeframe': 'daily'}
2025-08-29 07:46:57,640 - mock_integration - INFO - Received parameters: {'action': 'fundamental_analysis', 'symbol': '2222.SR', 'metrics': ['PE', 'PB', 'ROE', 'EPS']}
2025-08-29 07:46:57,861 - mock_integration - INFO - Received parameters: {'action': 'collect_market_data', 'symbols': ['2222.SR', '1211.SR'], 'data_types': ['price', 'volume', 'market_cap']}
2025-08-29 07:46:58,068 - mock_integration - INFO - Received parameters: {'action': 'collect_financial_data', 'symbols': ['2222.SR', '1211.SR'], 'statement_types': ['income', 'balance', 'cash_flow'], 'periods': ['annual', 'quarterly']}
2025-08-29 07:46:58,266 - mock_integration - INFO - Received parameters: {'action': 'analyze_sentiment', 'symbols': ['2222.SR', '1211.SR'], 'sources': ['news', 'social_media', 'analyst_ratings'], 'time_range': '1w'}
2025-08-29 07:47:50,776 - mock_integration - INFO - Received parameters: {'action': 'recommend', 'risk_profile': 'moderate', 'investment_horizon': 'medium', 'sectors': ['technology', 'healthcare'], 'exclude_symbols': ['AAPL', 'MSFT'], 'max_results': 5}
2025-08-29 07:47:50,978 - mock_integration - INFO - Received parameters: {'action': 'technical_analysis', 'symbol': '2222.SR', 'indicators': ['SMA', 'RSI', 'MACD'], 'timeframe': 'daily'}
2025-08-29 07:47:51,204 - mock_integration - INFO - Received parameters: {'action': 'fundamental_analysis', 'symbol': '2222.SR', 'metrics': ['PE', 'PB', 'ROE', 'EPS']}
2025-08-29 07:47:51,413 - mock_integration - INFO - Received parameters: {'action': 'collect_market_data', 'symbols': ['2222.SR', '1211.SR'], 'data_types': ['price', 'volume', 'market_cap']}
2025-08-29 07:47:51,618 - mock_integration - INFO - Received parameters: {'action': 'collect_financial_data', 'symbols': ['2222.SR', '1211.SR'], 'statement_types': ['income', 'balance', 'cash_flow'], 'periods': ['annual', 'quarterly']}
2025-08-29 07:47:51,816 - mock_integration - INFO - Received parameters: {'action': 'analyze_sentiment', 'symbols': ['2222.SR', '1211.SR'], 'sources': ['news', 'social_media', 'analyst_ratings'], 'time_range': '1w'}
2025-08-29 07:48:03,991 - mock_integration - INFO - Received parameters: {'action': 'recommend', 'risk_profile': 'moderate', 'investment_horizon': 'medium', 'sectors': ['technology', 'healthcare'], 'exclude_symbols': ['AAPL', 'MSFT'], 'max_results': 5}
2025-08-29 07:48:04,191 - mock_integration - INFO - Received parameters: {'action': 'technical_analysis', 'symbol': '2222.SR', 'indicators': ['SMA', 'RSI', 'MACD'], 'timeframe': 'daily'}
2025-08-29 07:48:04,437 - mock_integration - INFO - Received parameters: {'action': 'fundamental_analysis', 'symbol': '2222.SR', 'metrics': ['PE', 'PB', 'ROE', 'EPS']}
2025-08-29 07:48:04,666 - mock_integration - INFO - Received parameters: {'action': 'collect_market_data', 'symbols': ['2222.SR', '1211.SR'], 'data_types': ['price', 'volume', 'market_cap']}
2025-08-29 07:48:04,859 - mock_integration - INFO - Received parameters: {'action': 'collect_financial_data', 'symbols': ['2222.SR', '1211.SR'], 'statement_types': ['income', 'balance', 'cash_flow'], 'periods': ['annual', 'quarterly']}
2025-08-29 07:48:05,054 - mock_integration - INFO - Received parameters: {'action': 'analyze_sentiment', 'symbols': ['2222.SR', '1211.SR'], 'sources': ['news', 'social_media', 'analyst_ratings'], 'time_range': '1w'}
2025-08-29 07:49:32,414 - mock_integration - INFO - Received parameters: {'action': 'recommend', 'risk_profile': 'moderate', 'investment_horizon': 'medium', 'sectors': ['technology', 'healthcare'], 'exclude_symbols': ['AAPL', 'MSFT'], 'max_results': 5}
2025-08-29 07:49:32,599 - mock_integration - INFO - Received parameters: {'action': 'technical_analysis', 'symbol': '2222.SR', 'indicators': ['SMA', 'RSI', 'MACD'], 'timeframe': 'daily'}
2025-08-29 07:49:32,871 - mock_integration - INFO - Received parameters: {'action': 'fundamental_analysis', 'symbol': '2222.SR', 'metrics': ['PE', 'PB', 'ROE', 'EPS']}
2025-08-29 07:49:33,103 - mock_integration - INFO - Received parameters: {'action': 'collect_market_data', 'symbols': ['2222.SR', '1211.SR'], 'data_types': ['price', 'volume', 'market_cap']}
2025-08-29 07:49:33,321 - mock_integration - INFO - Received parameters: {'action': 'collect_financial_data', 'symbols': ['2222.SR', '1211.SR'], 'statement_types': ['income', 'balance', 'cash_flow'], 'periods': ['annual', 'quarterly']}
2025-08-29 07:49:33,535 - mock_integration - INFO - Received parameters: {'action': 'analyze_sentiment', 'symbols': ['2222.SR', '1211.SR'], 'sources': ['news', 'social_media', 'analyst_ratings'], 'time_range': '1w'}
2025-08-29 07:49:39,624 - mock_integration - INFO - Received parameters: {'action': 'recommend', 'risk_profile': 'moderate', 'investment_horizon': 'medium', 'sectors': ['technology', 'healthcare'], 'exclude_symbols': ['AAPL', 'MSFT'], 'max_results': 5}
2025-08-29 07:49:39,808 - mock_integration - INFO - Received parameters: {'action': 'technical_analysis', 'symbol': '2222.SR', 'indicators': ['SMA', 'RSI', 'MACD'], 'timeframe': 'daily'}
2025-08-29 07:49:40,024 - mock_integration - INFO - Received parameters: {'action': 'fundamental_analysis', 'symbol': '2222.SR', 'metrics': ['PE', 'PB', 'ROE', 'EPS']}
2025-08-29 07:49:40,227 - mock_integration - INFO - Received parameters: {'action': 'collect_market_data', 'symbols': ['2222.SR', '1211.SR'], 'data_types': ['price', 'volume', 'market_cap']}
2025-08-29 07:49:40,429 - mock_integration - INFO - Received parameters: {'action': 'collect_financial_data', 'symbols': ['2222.SR', '1211.SR'], 'statement_types': ['income', 'balance', 'cash_flow'], 'periods': ['annual', 'quarterly']}
2025-08-29 07:49:40,619 - mock_integration - INFO - Received parameters: {'action': 'analyze_sentiment', 'symbols': ['2222.SR', '1211.SR'], 'sources': ['news', 'social_media', 'analyst_ratings'], 'time_range': '1w'}
2025-08-29 07:50:53,333 - mock_integration - INFO - Received parameters: {'action': 'recommend', 'risk_profile': 'moderate', 'investment_horizon': 'medium', 'sectors': ['technology', 'healthcare'], 'exclude_symbols': ['AAPL', 'MSFT'], 'max_results': 5}
2025-08-29 07:50:53,516 - mock_integration - INFO - Received parameters: {'action': 'technical_analysis', 'symbol': '2222.SR', 'indicators': ['SMA', 'RSI', 'MACD'], 'timeframe': 'daily'}
2025-08-29 07:50:53,766 - mock_integration - INFO - Received parameters: {'action': 'fundamental_analysis', 'symbol': '2222.SR', 'metrics': ['PE', 'PB', 'ROE', 'EPS']}
2025-08-29 07:50:53,991 - mock_integration - INFO - Received parameters: {'action': 'collect_market_data', 'symbols': ['2222.SR', '1211.SR'], 'data_types': ['price', 'volume', 'market_cap']}
2025-08-29 07:50:54,210 - mock_integration - INFO - Received parameters: {'action': 'collect_financial_data', 'symbols': ['2222.SR', '1211.SR'], 'statement_types': ['income', 'balance', 'cash_flow'], 'periods': ['annual', 'quarterly']}
2025-08-29 07:50:54,419 - mock_integration - INFO - Received parameters: {'action': 'analyze_sentiment', 'symbols': ['2222.SR', '1211.SR'], 'sources': ['news', 'social_media', 'analyst_ratings'], 'time_range': '1w'}
2025-08-29 07:50:56,752 - mock_integration - INFO - Received parameters: {'action': 'recommend', 'risk_profile': 'moderate', 'investment_horizon': 'medium', 'sectors': ['technology', 'healthcare'], 'exclude_symbols': ['AAPL', 'MSFT'], 'max_results': 5}
2025-08-29 07:50:56,949 - mock_integration - INFO - Received parameters: {'action': 'technical_analysis', 'symbol': '2222.SR', 'indicators': ['SMA', 'RSI', 'MACD'], 'timeframe': 'daily'}
2025-08-29 07:50:57,158 - mock_integration - INFO - Received parameters: {'action': 'fundamental_analysis', 'symbol': '2222.SR', 'metrics': ['PE', 'PB', 'ROE', 'EPS']}
2025-08-29 07:50:57,354 - mock_integration - INFO - Received parameters: {'action': 'collect_market_data', 'symbols': ['2222.SR', '1211.SR'], 'data_types': ['price', 'volume', 'market_cap']}
2025-08-29 07:50:57,543 - mock_integration - INFO - Received parameters: {'action': 'collect_financial_data', 'symbols': ['2222.SR', '1211.SR'], 'statement_types': ['income', 'balance', 'cash_flow'], 'periods': ['annual', 'quarterly']}
2025-08-29 07:50:57,745 - mock_integration - INFO - Received parameters: {'action': 'analyze_sentiment', 'symbols': ['2222.SR', '1211.SR'], 'sources': ['news', 'social_media', 'analyst_ratings'], 'time_range': '1w'}
2025-08-29 07:51:02,179 - mock_integration - INFO - Received parameters: {'action': 'recommend', 'risk_profile': 'moderate', 'investment_horizon': 'medium', 'sectors': ['technology', 'healthcare'], 'exclude_symbols': ['AAPL', 'MSFT'], 'max_results': 5}
2025-08-29 07:51:02,366 - mock_integration - INFO - Received parameters: {'action': 'technical_analysis', 'symbol': '2222.SR', 'indicators': ['SMA', 'RSI', 'MACD'], 'timeframe': 'daily'}
2025-08-29 07:51:02,573 - mock_integration - INFO - Received parameters: {'action': 'fundamental_analysis', 'symbol': '2222.SR', 'metrics': ['PE', 'PB', 'ROE', 'EPS']}
2025-08-29 07:51:02,756 - mock_integration - INFO - Received parameters: {'action': 'collect_market_data', 'symbols': ['2222.SR', '1211.SR'], 'data_types': ['price', 'volume', 'market_cap']}
2025-08-29 07:51:02,940 - mock_integration - INFO - Received parameters: {'action': 'collect_financial_data', 'symbols': ['2222.SR', '1211.SR'], 'statement_types': ['income', 'balance', 'cash_flow'], 'periods': ['annual', 'quarterly']}
2025-08-29 07:51:03,129 - mock_integration - INFO - Received parameters: {'action': 'analyze_sentiment', 'symbols': ['2222.SR', '1211.SR'], 'sources': ['news', 'social_media', 'analyst_ratings'], 'time_range': '1w'}
2025-08-30 07:26:42,976 - mock_integration - INFO - Received parameters: {'action': 'recommend', 'risk_profile': 'moderate', 'investment_horizon': 'medium', 'sectors': ['technology', 'healthcare'], 'exclude_symbols': ['AAPL', 'MSFT'], 'max_results': 5}
2025-08-30 07:26:43,228 - mock_integration - INFO - Received parameters: {'action': 'technical_analysis', 'symbol': '2222.SR', 'indicators': ['SMA', 'RSI', 'MACD'], 'timeframe': 'daily'}
2025-08-30 07:26:43,463 - mock_integration - INFO - Received parameters: {'action': 'fundamental_analysis', 'symbol': '2222.SR', 'metrics': ['PE', 'PB', 'ROE', 'EPS']}
2025-08-30 07:26:43,719 - mock_integration - INFO - Received parameters: {'action': 'collect_market_data', 'symbols': ['2222.SR', '1211.SR'], 'data_types': ['price', 'volume', 'market_cap']}
2025-08-30 07:26:44,105 - mock_integration - INFO - Received parameters: {'action': 'collect_financial_data', 'symbols': ['2222.SR', '1211.SR'], 'statement_types': ['income', 'balance', 'cash_flow'], 'periods': ['annual', 'quarterly']}
2025-08-30 07:26:45,037 - mock_integration - INFO - Received parameters: {'action': 'analyze_sentiment', 'symbols': ['2222.SR', '1211.SR'], 'sources': ['news', 'social_media', 'analyst_ratings'], 'time_range': '1w'}
2025-08-30 07:27:21,988 - mock_integration - INFO - Received parameters: {'action': 'technical', 'symbol': '2222.SR', 'indicators': ['SMA', 'RSI', 'MACD'], 'timeframe': 'daily'}
2025-08-30 07:27:38,592 - mock_integration - INFO - Received parameters: {'action': 'recommend', 'risk_profile': 'moderate', 'investment_horizon': 'medium', 'sectors': ['technology', 'healthcare'], 'exclude_symbols': ['AAPL', 'MSFT'], 'max_results': 5}
2025-08-30 07:27:38,787 - mock_integration - INFO - Received parameters: {'action': 'technical_analysis', 'symbol': '2222.SR', 'indicators': ['SMA', 'RSI', 'MACD'], 'timeframe': 'daily'}
2025-08-30 07:27:38,973 - mock_integration - INFO - Received parameters: {'action': 'fundamental_analysis', 'symbol': '2222.SR', 'metrics': ['PE', 'PB', 'ROE', 'EPS']}
2025-08-30 07:27:39,229 - mock_integration - INFO - Received parameters: {'action': 'collect_market_data', 'symbols': ['2222.SR', '1211.SR'], 'data_types': ['price', 'volume', 'market_cap']}
2025-08-30 07:27:39,504 - mock_integration - INFO - Received parameters: {'action': 'collect_financial_data', 'symbols': ['2222.SR', '1211.SR'], 'statement_types': ['income', 'balance', 'cash_flow'], 'periods': ['annual', 'quarterly']}
2025-08-30 07:27:39,746 - mock_integration - INFO - Received parameters: {'action': 'analyze_sentiment', 'symbols': ['2222.SR', '1211.SR'], 'sources': ['news', 'social_media', 'analyst_ratings'], 'time_range': '1w'}
2025-08-30 07:27:46,217 - mock_integration - INFO - Received parameters: {'action': 'recommend', 'risk_profile': 'moderate', 'investment_horizon': 'medium', 'sectors': ['technology', 'healthcare'], 'exclude_symbols': ['AAPL', 'MSFT'], 'max_results': 5}
2025-08-30 07:27:46,412 - mock_integration - INFO - Received parameters: {'action': 'technical_analysis', 'symbol': '2222.SR', 'indicators': ['SMA', 'RSI', 'MACD'], 'timeframe': 'daily'}
2025-08-30 07:27:46,600 - mock_integration - INFO - Received parameters: {'action': 'fundamental_analysis', 'symbol': '2222.SR', 'metrics': ['PE', 'PB', 'ROE', 'EPS']}
2025-08-30 07:27:46,838 - mock_integration - INFO - Received parameters: {'action': 'collect_market_data', 'symbols': ['2222.SR', '1211.SR'], 'data_types': ['price', 'volume', 'market_cap']}
2025-08-30 07:27:47,046 - mock_integration - INFO - Received parameters: {'action': 'collect_financial_data', 'symbols': ['2222.SR', '1211.SR'], 'statement_types': ['income', 'balance', 'cash_flow'], 'periods': ['annual', 'quarterly']}
2025-08-30 07:27:47,242 - mock_integration - INFO - Received parameters: {'action': 'analyze_sentiment', 'symbols': ['2222.SR', '1211.SR'], 'sources': ['news', 'social_media', 'analyst_ratings'], 'time_range': '1w'}
2025-08-30 07:28:46,373 - mock_integration - INFO - Received parameters: {'action': 'recommend', 'risk_profile': 'moderate', 'investment_horizon': 'medium', 'sectors': ['technology', 'healthcare'], 'exclude_symbols': ['AAPL', 'MSFT'], 'max_results': 5}
2025-08-30 07:28:46,598 - mock_integration - INFO - Received parameters: {'action': 'technical_analysis', 'symbol': '2222.SR', 'indicators': ['SMA', 'RSI', 'MACD'], 'timeframe': 'daily'}
2025-08-30 07:28:46,795 - mock_integration - INFO - Received parameters: {'action': 'fundamental_analysis', 'symbol': '2222.SR', 'metrics': ['PE', 'PB', 'ROE', 'EPS']}
2025-08-30 07:28:47,039 - mock_integration - INFO - Received parameters: {'action': 'collect_market_data', 'symbols': ['2222.SR', '1211.SR'], 'data_types': ['price', 'volume', 'market_cap']}
2025-08-30 07:28:47,263 - mock_integration - INFO - Received parameters: {'action': 'collect_financial_data', 'symbols': ['2222.SR', '1211.SR'], 'statement_types': ['income', 'balance', 'cash_flow'], 'periods': ['annual', 'quarterly']}
2025-08-30 07:28:47,470 - mock_integration - INFO - Received parameters: {'action': 'analyze_sentiment', 'symbols': ['2222.SR', '1211.SR'], 'sources': ['news', 'social_media', 'analyst_ratings'], 'time_range': '1w'}
2025-08-30 07:31:17,126 - mock_integration - INFO - Received parameters: {'action': 'technical', 'symbol': '2222.SR', 'indicators': ['SMA', 'RSI', 'MACD'], 'timeframe': 'daily'}
2025-08-30 07:31:45,235 - mock_integration - INFO - Received parameters: {'action': 'technical', 'symbol': '2222.SR', 'indicators': ['SMA', 'RSI', 'MACD'], 'timeframe': 'daily'}
2025-08-30 07:32:23,306 - mock_integration - INFO - Received parameters: {'action': 'fundamental', 'symbol': '2222.SR', 'metrics': ['PE', 'PB', 'ROE', 'EPS']}
2025-08-30 07:39:11,990 - mock_integration - INFO - Received parameters: {'action': 'recommend', 'risk_profile': 'moderate', 'investment_horizon': 'medium', 'sectors': ['technology', 'healthcare'], 'exclude_symbols': ['AAPL', 'MSFT'], 'max_results': 5}
2025-08-30 07:39:12,186 - mock_integration - INFO - Received parameters: {'action': 'technical_analysis', 'symbol': '2222.SR', 'indicators': ['SMA', 'RSI', 'MACD'], 'timeframe': 'daily'}
2025-08-30 07:39:12,478 - mock_integration - INFO - Received parameters: {'action': 'fundamental_analysis', 'symbol': '2222.SR', 'metrics': ['PE', 'PB', 'ROE', 'EPS']}
2025-08-30 07:39:12,828 - mock_integration - INFO - Received parameters: {'action': 'collect_market_data', 'symbols': ['2222.SR', '1211.SR'], 'data_types': ['price', 'volume', 'market_cap']}
2025-08-30 07:39:13,097 - mock_integration - INFO - Received parameters: {'action': 'collect_financial_data', 'symbols': ['2222.SR', '1211.SR'], 'statement_types': ['income', 'balance', 'cash_flow'], 'periods': ['annual', 'quarterly']}
2025-08-30 07:39:13,329 - mock_integration - INFO - Received parameters: {'action': 'analyze_sentiment', 'symbols': ['2222.SR', '1211.SR'], 'sources': ['news', 'social_media', 'analyst_ratings'], 'time_range': '1w'}
2025-08-30 07:41:20,199 - mock_integration - INFO - Received parameters: {'action': 'technical', 'symbol': '2222.SR', 'indicators': ['SMA', 'RSI', 'MACD'], 'timeframe': 'daily'}
2026-03-24 18:34:22,201 - mock_integration - INFO - Received parameters: {'action': 'recommend', 'risk_profile': 'moderate', 'investment_horizon': 'medium', 'sectors': ['technology', 'healthcare'], 'exclude_symbols': ['AAPL', 'MSFT'], 'max_results': 5}
2026-03-24 18:34:22,570 - mock_integration - INFO - Received parameters: {'action': 'technical_analysis', 'symbol': '2222.SR', 'indicators': ['SMA', 'RSI', 'MACD'], 'timeframe': 'daily'}
2026-03-24 18:34:22,971 - mock_integration - INFO - Received parameters: {'action': 'fundamental_analysis', 'symbol': '2222.SR', 'metrics': ['PE', 'PB', 'ROE', 'EPS']}
2026-03-24 18:34:23,261 - mock_integration - INFO - Received parameters: {'action': 'collect_market_data', 'symbols': ['2222.SR', '1211.SR'], 'data_types': ['price', 'volume', 'market_cap']}
2026-03-24 18:34:23,579 - mock_integration - INFO - Received parameters: {'action': 'collect_financial_data', 'symbols': ['2222.SR', '1211.SR'], 'statement_types': ['income', 'balance', 'cash_flow'], 'periods': ['annual', 'quarterly']}
2026-03-24 18:34:23,891 - mock_integration - INFO - Received parameters: {'action': 'analyze_sentiment', 'symbols': ['2222.SR', '1211.SR'], 'sources': ['news', 'social_media', 'analyst_ratings'], 'time_range': '1w'}
2026-03-24 18:40:21,818 - mock_integration - INFO - Received parameters: {'action': 'recommend', 'risk_profile': 'moderate', 'investment_horizon': 'medium', 'sectors': ['technology', 'healthcare'], 'exclude_symbols': ['AAPL', 'MSFT'], 'max_results': 5}
2026-03-24 18:40:22,308 - mock_integration - INFO - Received parameters: {'action': 'technical_analysis', 'symbol': '2222.SR', 'indicators': ['SMA', 'RSI', 'MACD'], 'timeframe': 'daily'}
2026-03-24 18:40:22,729 - mock_integration - INFO - Received parameters: {'action': 'fundamental_analysis', 'symbol': '2222.SR', 'metrics': ['PE', 'PB', 'ROE', 'EPS']}
2026-03-24 18:40:23,100 - mock_integration - INFO - Received parameters: {'action': 'collect_market_data', 'symbols': ['2222.SR', '1211.SR'], 'data_types': ['price', 'volume', 'market_cap']}
2026-03-24 18:40:23,391 - mock_integration - INFO - Received parameters: {'action': 'collect_financial_data', 'symbols': ['2222.SR', '1211.SR'], 'statement_types': ['income', 'balance', 'cash_flow'], 'periods': ['annual', 'quarterly']}
2026-03-24 18:40:23,683 - mock_integration - INFO - Received parameters: {'action': 'analyze_sentiment', 'symbols': ['2222.SR', '1211.SR'], 'sources': ['news', 'social_media', 'analyst_ratings'], 'time_range': '1w'}
2026-03-24 18:40:41,580 - mock_integration - INFO - Received parameters: {'action': 'recommend', 'risk_profile': 'moderate', 'investment_horizon': 'medium', 'sectors': ['technology', 'healthcare'], 'exclude_symbols': ['AAPL', 'MSFT'], 'max_results': 5}
2026-03-24 18:40:41,891 - mock_integration - INFO - Received parameters: {'action': 'technical_analysis', 'symbol': '2222.SR', 'indicators': ['SMA', 'RSI', 'MACD'], 'timeframe': 'daily'}
2026-03-24 18:40:42,215 - mock_integration - INFO - Received parameters: {'action': 'fundamental_analysis', 'symbol': '2222.SR', 'metrics': ['PE', 'PB', 'ROE', 'EPS']}
2026-03-24 18:40:42,488 - mock_integration - INFO - Received parameters: {'action': 'collect_market_data', 'symbols': ['2222.SR', '1211.SR'], 'data_types': ['price', 'volume', 'market_cap']}
2026-03-24 18:40:42,805 - mock_integration - INFO - Received parameters: {'action': 'collect_financial_data', 'symbols': ['2222.SR', '1211.SR'], 'statement_types': ['income', 'balance', 'cash_flow'], 'periods': ['annual', 'quarterly']}
2026-03-24 18:40:43,068 - mock_integration - INFO - Received parameters: {'action': 'analyze_sentiment', 'symbols': ['2222.SR', '1211.SR'], 'sources': ['news', 'social_media', 'analyst_ratings'], 'time_range': '1w'}
2026-03-24 19:33:51,447 - mock_integration - INFO - Received parameters: {'action': 'recommend', 'risk_profile': 'moderate', 'investment_horizon': 'medium', 'sectors': ['technology', 'healthcare'], 'exclude_symbols': ['AAPL', 'MSFT'], 'max_results': 5}
2026-03-24 19:33:51,757 - mock_integration - INFO - Received parameters: {'action': 'technical_analysis', 'symbol': '2222.SR', 'indicators': ['SMA', 'RSI', 'MACD'], 'timeframe': 'daily'}
2026-03-24 19:33:52,027 - mock_integration - INFO - Received parameters: {'action': 'fundamental_analysis', 'symbol': '2222.SR', 'metrics': ['PE', 'PB', 'ROE', 'EPS']}
2026-03-24 19:33:52,309 - mock_integration - INFO - Received parameters: {'action': 'collect_market_data', 'symbols': ['2222.SR', '1211.SR'], 'data_types': ['price', 'volume', 'market_cap']}
2026-03-24 19:33:52,622 - mock_integration - INFO - Received parameters: {'action': 'collect_financial_data', 'symbols': ['2222.SR', '1211.SR'], 'statement_types': ['income', 'balance', 'cash_flow'], 'periods': ['annual', 'quarterly']}
2026-03-24 19:33:52,923 - mock_integration - INFO - Received parameters: {'action': 'analyze_sentiment', 'symbols': ['2222.SR', '1211.SR'], 'sources': ['news', 'social_media', 'analyst_ratings'], 'time_range': '1w'}
2026-03-24 19:35:41,181 - mock_integration - INFO - Received parameters: {'action': 'recommend', 'risk_profile': 'moderate', 'investment_horizon': 'medium', 'sectors': ['technology', 'healthcare'], 'exclude_symbols': ['AAPL', 'MSFT'], 'max_results': 5}
2026-03-24 19:35:41,494 - mock_integration - INFO - Received parameters: {'action': 'technical_analysis', 'symbol': '2222.SR', 'indicators': ['SMA', 'RSI', 'MACD'], 'timeframe': 'daily'}
2026-03-24 19:35:41,955 - mock_integration - INFO - Received parameters: {'action': 'fundamental_analysis', 'symbol': '2222.SR', 'metrics': ['PE', 'PB', 'ROE', 'EPS']}
2026-03-24 19:35:42,237 - mock_integration - INFO - Received parameters: {'action': 'collect_market_data', 'symbols': ['2222.SR', '1211.SR'], 'data_types': ['price', 'volume', 'market_cap']}
2026-03-24 19:35:42,526 - mock_integration - INFO - Received parameters: {'action': 'collect_financial_data', 'symbols': ['2222.SR', '1211.SR'], 'statement_types': ['income', 'balance', 'cash_flow'], 'periods': ['annual', 'quarterly']}
2026-03-24 19:35:42,818 - mock_integration - INFO - Received parameters: {'action': 'analyze_sentiment', 'symbols': ['2222.SR', '1211.SR'], 'sources': ['news', 'social_media', 'analyst_ratings'], 'time_range': '1w'}
2026-03-24 19:40:26,327 - mock_integration - INFO - Received parameters: {'action': 'recommend', 'risk_profile': 'moderate', 'investment_horizon': 'medium', 'sectors': ['technology', 'healthcare'], 'exclude_symbols': [], 'max_results': 3}
2026-03-24 19:40:26,637 - mock_integration - INFO - Received parameters: {'action': 'market', 'symbols': ['2222.SR', '1211.SR', '2010.SR', '1150.SR', '1010.SR'], 'data_types': ['price', 'volume', 'market_cap']}
2026-03-24 19:40:26,986 - mock_integration - INFO - Received parameters: {'action': 'sentiment', 'symbols': ['2222.SR', '1211.SR'], 'sources': ['news', 'social_media', 'analyst_ratings'], 'time_range': '1w'}
2026-03-24 19:40:27,314 - mock_integration - INFO - Received parameters: {'action': 'recommend', 'risk_profile': 'moderate', 'investment_horizon': 'medium', 'sectors': ['technology', 'healthcare'], 'exclude_symbols': [], 'max_results': 3}
2026-03-24 19:40:27,590 - mock_integration - INFO - Received parameters: {'action': 'market', 'symbols': ['2222.SR', '1211.SR', '2010.SR', '1150.SR', '1010.SR'], 'data_types': ['price', 'volume', 'market_cap']}
2026-03-24 19:40:27,875 - mock_integration - INFO - Received parameters: {'action': 'sentiment', 'symbols': ['2222.SR', '1211.SR'], 'sources': ['news', 'social_media', 'analyst_ratings'], 'time_range': '1w'}
2026-03-24 19:40:48,507 - mock_integration - INFO - Received parameters: {'action': 'technical', 'symbol': '2222.SR', 'indicators': ['SMA', 'RSI', 'MACD'], 'timeframe': 'daily'}
2026-03-24 19:41:21,005 - mock_integration - INFO - Received parameters: {'action': 'technical', 'symbol': '2222.SR', 'indicators': ['SMA', 'RSI', 'MACD'], 'timeframe': 'daily'}
2026-03-24 19:42:04,831 - mock_integration - INFO - Received parameters: {'action': 'recommend', 'risk_profile': 'moderate', 'investment_horizon': 'medium', 'sectors': ['technology', 'healthcare', 'finance', 'energy', 'consumer', 'telecom', 'industrial', 'materials', 'realestate'], 'exclude_symbols': [], 'max_results': 5}
2026-03-24 19:42:48,925 - mock_integration - INFO - Received parameters: {'action': 'market', 'symbols': ['2222.SR', '1211.SR', '2010.SR', '1150.SR', '1010.SR'], 'data_types': ['price', 'volume', 'market_cap']}
2026-03-24 19:42:49,138 - mock_integration - INFO - Received parameters: {'action': 'recommend', 'risk_profile': 'moderate', 'investment_horizon': 'medium', 'sectors': ['technology', 'healthcare'], 'exclude_symbols': [], 'max_results': 3}
2026-03-24 19:42:49,358 - mock_integration - INFO - Received parameters: {'action': 'sentiment', 'symbols': ['2222.SR', '1211.SR'], 'sources': ['news', 'social_media', 'analyst_ratings'], 'time_range': '1w'}
2026-03-24 19:42:49,537 - mock_integration - INFO - Received parameters: {'action': 'market', 'symbols': ['2222.SR', '1211.SR', '2010.SR', '1150.SR', '1010.SR'], 'data_types': ['price', 'volume', 'market_cap']}
2026-03-24 19:42:49,751 - mock_integration - INFO - Received parameters: {'action': 'recommend', 'risk_profile': 'moderate', 'investment_horizon': 'medium', 'sectors': ['technology', 'healthcare'], 'exclude_symbols': [], 'max_results': 3}
2026-03-24 19:42:49,952 - mock_integration - INFO - Received parameters: {'action': 'sentiment', 'symbols': ['2222.SR', '1211.SR'], 'sources': ['news', 'social_media', 'analyst_ratings'], 'time_range': '1w'}
2026-03-24 19:43:03,671 - mock_integration - INFO - Received parameters: {'action': 'recommend', 'risk_profile': 'moderate', 'investment_horizon': 'medium', 'sectors': ['technology', 'healthcare'], 'exclude_symbols': [], 'max_results': 20}
2026-03-24 20:31:21,964 - mock_integration - INFO - Received parameters: {'action': 'recommend', 'risk_profile': 'moderate', 'investment_horizon': 'medium', 'sectors': ['technology', 'healthcare'], 'exclude_symbols': ['AAPL', 'MSFT'], 'max_results': 5}
2026-03-24 20:31:22,376 - mock_integration - INFO - Received parameters: {'action': 'technical_analysis', 'symbol': '2222.SR', 'indicators': ['SMA', 'RSI', 'MACD'], 'timeframe': 'daily'}
2026-03-24 20:31:22,661 - mock_integration - INFO - Received parameters: {'action': 'fundamental_analysis', 'symbol': '2222.SR', 'metrics': ['PE', 'PB', 'ROE', 'EPS']}
2026-03-24 20:31:23,021 - mock_integration - INFO - Received parameters: {'action': 'collect_market_data', 'symbols': ['2222.SR', '1211.SR'], 'data_types': ['price', 'volume', 'market_cap']}
2026-03-24 20:31:23,325 - mock_integration - INFO - Received parameters: {'action': 'collect_financial_data', 'symbols': ['2222.SR', '1211.SR'], 'statement_types': ['income', 'balance', 'cash_flow'], 'periods': ['annual', 'quarterly']}
2026-03-24 20:31:23,676 - mock_integration - INFO - Received parameters: {'action': 'analyze_sentiment', 'symbols': ['2222.SR', '1211.SR'], 'sources': ['news', 'social_media', 'analyst_ratings'], 'time_range': '1w'}
2026-03-24 20:37:28,354 - mock_integration - INFO - Received parameters: {'action': 'recommend', 'risk_profile': 'moderate', 'investment_horizon': 'medium', 'sectors': ['technology', 'healthcare'], 'exclude_symbols': ['AAPL', 'MSFT'], 'max_results': 5}
2026-03-24 20:37:28,648 - mock_integration - INFO - Received parameters: {'action': 'technical_analysis', 'symbol': '2222.SR', 'indicators': ['SMA', 'RSI', 'MACD'], 'timeframe': 'daily'}
2026-03-24 20:37:28,965 - mock_integration - INFO - Received parameters: {'action': 'fundamental_analysis', 'symbol': '2222.SR', 'metrics': ['PE', 'PB', 'ROE', 'EPS']}
2026-03-24 20:37:29,302 - mock_integration - INFO - Received parameters: {'action': 'collect_market_data', 'symbols': ['2222.SR', '1211.SR'], 'data_types': ['price', 'volume', 'market_cap']}
2026-03-24 20:37:29,589 - mock_integration - INFO - Received parameters: {'action': 'collect_financial_data', 'symbols': ['2222.SR', '1211.SR'], 'statement_types': ['income', 'balance', 'cash_flow'], 'periods': ['annual', 'quarterly']}
2026-03-24 20:37:29,852 - mock_integration - INFO - Received parameters: {'action': 'analyze_sentiment', 'symbols': ['2222.SR', '1211.SR'], 'sources': ['news', 'social_media', 'analyst_ratings'], 'time_range': '1w'}
2026-03-24 20:38:05,103 - mock_integration - INFO - Received parameters: {'action': 'recommend', 'risk_profile': 'moderate', 'investment_horizon': 'medium', 'sectors': ['technology', 'healthcare'], 'exclude_symbols': ['AAPL', 'MSFT'], 'max_results': 5}
2026-03-24 20:38:05,441 - mock_integration - INFO - Received parameters: {'action': 'technical_analysis', 'symbol': '2222.SR', 'indicators': ['SMA', 'RSI', 'MACD'], 'timeframe': 'daily'}
2026-03-24 20:38:05,729 - mock_integration - INFO - Received parameters: {'action': 'fundamental_analysis', 'symbol': '2222.SR', 'metrics': ['PE', 'PB', 'ROE', 'EPS']}
2026-03-24 20:38:06,024 - mock_integration - INFO - Received parameters: {'action': 'collect_market_data', 'symbols': ['2222.SR', '1211.SR'], 'data_types': ['price', 'volume', 'market_cap']}
2026-03-24 20:38:06,296 - mock_integration - INFO - Received parameters: {'action': 'collect_financial_data', 'symbols': ['2222.SR', '1211.SR'], 'statement_types': ['income', 'balance', 'cash_flow'], 'periods': ['annual', 'quarterly']}
2026-03-24 20:38:06,549 - mock_integration - INFO - Received parameters: {'action': 'analyze_sentiment', 'symbols': ['2222.SR', '1211.SR'], 'sources': ['news', 'social_media', 'analyst_ratings'], 'time_range': '1w'}
