2026-03-25 16:01:28,140 - system_integration - INFO - Received parameters: {'action': 'recommend', 'risk_profile': 'moderate', 'investment_horizon': 'medium', 'sectors': ['technology'], 'max_results': 5}
2026-03-25 16:01:28,141 - system_integration - INFO - System Integration initialized
2026-03-25 16:01:35,930 - system_integration - INFO - Component loaded: recommendation
2026-03-25 16:01:38,347 - analysis.technical.analyzer - ERROR - ОШГ Эн ЗбКНбнб ЗбЭдн: Invalid value '[0.05 0.07 0.05 0.06 0.16 0.04 0.03 0.02 0.01 0.09 0.08 0.03 0.02 0.01
 0.06 0.04 0.02 0.02 0.1  0.02 0.09 0.1  0.11 0.02 0.06 0.07 0.01 0.04
 0.02 0.04 0.04 0.01 0.03 0.02 0.02 0.02 0.01 0.01 0.06 0.05 0.03 0.01
 0.01 0.01 0.03 0.01 0.02 0.03 0.06 0.01 0.03 0.02 0.02 0.06 0.01 0.03
 0.02 0.01 0.02 0.03 0.01 0.01 0.01 0.01 0.01 0.03 0.06 0.01 0.04 0.02
 0.01 0.02 0.01 0.01 0.13 0.17 0.07 0.04 0.03 0.03 0.02 0.12 0.05]' for dtype 'int64'
2026-03-25 16:01:40,150 - yfinance - ERROR - HTTP Error 404: {"quoteSummary":{"result":null,"error":{"code":"Not Found","description":"Quote not found for symbol: 6015"}}}
2026-03-25 16:01:41,060 - yfinance - ERROR - $6015: possibly delisted; no timezone found
2026-03-25 16:01:43,412 - analysis.technical.analyzer - ERROR - ОШГ Эн ЗбКНбнб ЗбЭдн: Invalid value '[0.25 0.1  0.15 0.75 0.9  0.05 0.25 0.05 0.07 0.09 0.65 0.45 0.1  0.05
 0.3  0.29 0.54 0.1  0.1  0.19 0.23 0.11 0.25 0.05 0.07 0.18 0.05 0.06
 0.1  0.21 0.08 0.11 0.05 0.03 0.06 0.06 0.12 0.77 0.42 0.52 0.38 0.47
 0.19 0.07 0.09 0.12 0.23 0.01 0.47 1.06 0.02 0.2  0.08 0.26 0.08 0.08
 0.04 0.04 0.12 0.04 0.01 0.01 0.23 0.07 0.16 0.14 0.08 0.05 0.2  0.52
 0.15 0.56 0.17 0.06 0.04 0.06 0.18 0.44 0.34 0.38 0.1  0.06 0.18 0.16
 0.04 0.1  0.28 0.48 0.5  0.36 0.26 0.52 0.06 0.1 ]' for dtype 'int64'
2026-03-25 16:01:44,092 - yfinance - ERROR - HTTP Error 404: {"quoteSummary":{"result":null,"error":{"code":"Not Found","description":"Quote not found for symbol: 2222"}}}
2026-03-25 16:01:45,066 - yfinance - ERROR - $2222: possibly delisted; no timezone found
2026-03-25 16:01:45,999 - analysis.technical.analyzer - ERROR - ОШГ Эн ЗбКНбнб ЗбЭдн: Invalid value '[0.05 0.03 0.13 0.18 0.01 0.06 0.05 0.01 0.34 0.15 0.01 0.03 0.1  0.03
 0.1  0.02 0.19 0.45 0.11 0.03 0.27 0.07 0.05 0.18 0.16 0.02 0.04 0.04
 0.05 0.24 0.05 0.22 0.16 0.11 0.01 0.08 0.04 0.02 0.15 0.01 0.22 0.01
 0.06 0.23 0.08 0.33 0.41 0.09 0.04 0.06 0.15 0.35 0.29 0.07 0.16 0.03
 0.02 0.08 0.08 0.06 0.1  0.06 0.05 0.02 0.02 0.15 0.02 0.01 0.14 0.07
 0.18 0.04 0.07 0.07 0.04 0.11 0.08 0.04 0.01 0.27 0.47 0.4  0.19 0.02
 0.17 0.14 0.34 0.22 0.02 0.07 0.06]' for dtype 'int64'
2026-03-25 16:01:46,647 - yfinance - ERROR - HTTP Error 404: {"quoteSummary":{"result":null,"error":{"code":"Not Found","description":"Quote not found for symbol: 2350"}}}
2026-03-25 16:01:47,742 - yfinance - ERROR - $2350: possibly delisted; no timezone found
2026-03-25 16:01:49,425 - analysis.technical.analyzer - ERROR - ОШГ Эн ЗбКНбнб ЗбЭдн: Invalid value '[0.65 0.55 0.2  0.45 0.2  0.3  0.15 0.2  0.35 0.1  0.05 0.05 0.1  0.1
 0.05 0.5  0.3  0.35 0.25 0.4  1.2  0.05 0.25 0.02 0.36 0.34 0.14 0.3
 0.1  0.12 0.2  0.18 0.1  0.08 0.06 0.16 0.04 0.16 0.08 0.08 0.15 0.03
 0.07 0.22 0.5  2.52 0.22 0.18 0.1  0.06 0.06 0.04 0.14 0.02 0.04 0.16
 0.08 0.14 0.12 0.01 0.04 0.03 0.25 0.01 0.32 0.1  0.04 0.09 0.31 0.07
 0.24 0.8  0.28 0.16 0.44 0.8  0.08 0.04 0.02 0.6  0.2  1.04 0.1  0.24
 0.18 0.16 0.1  0.14 0.42 0.18 0.28 0.78 0.42 0.22 0.16 0.12 0.66]' for dtype 'int64'
2026-03-25 16:01:50,080 - yfinance - ERROR - HTTP Error 404: {"quoteSummary":{"result":null,"error":{"code":"Not Found","description":"Quote not found for symbol: 1150"}}}
2026-03-25 16:01:51,034 - yfinance - ERROR - $1150: possibly delisted; no timezone found
2026-03-25 16:01:52,243 - analysis.technical.analyzer - ERROR - ОШГ Эн ЗбКНбнб ЗбЭдн: Invalid value '[0.6  0.65 0.35 0.8  0.4  0.3  0.1  1.6  0.2  0.25 0.2  0.05 0.1  0.15
 0.1  0.35 0.4  0.25 0.55 0.65 0.3  0.35 0.15 1.45 0.3  0.15 0.14 0.26
 0.04 1.08 0.06 0.66 0.08 0.18 0.2  0.12 0.1  0.56 0.02 0.04 0.26 0.16
 0.06 0.06 0.64 0.04 0.66 0.1  3.44 2.4  0.84 0.06 0.44 0.02 0.2  0.26
 0.2  0.4  0.12 0.72 0.5  0.62 0.22 0.1  0.06 0.12 0.02 0.8  0.24 0.26
 0.08 0.28 0.34 0.8  0.42 0.04 0.06 0.2  1.74 0.84 0.06 1.1  0.88 0.1
 0.86 1.3  0.4  0.24 0.5  0.3  0.12 0.66 0.12 0.96 0.14 0.08 0.2  0.16
 1.34 0.98]' for dtype 'int64'
2026-03-25 16:01:52,940 - yfinance - ERROR - HTTP Error 404: {"quoteSummary":{"result":null,"error":{"code":"Not Found","description":"Quote not found for symbol: 1180"}}}
2026-03-25 16:01:54,258 - yfinance - ERROR - $1180: possibly delisted; no timezone found
2026-03-25 16:01:55,177 - analysis.technical.analyzer - ERROR - ОШГ Эн ЗбКНбнб ЗбЭдн: Invalid value '[0.3  0.1  0.48 0.38 0.16 0.42 0.22 0.3  1.74 0.05 0.25 1.05 0.2  0.3
 0.05 0.1  0.45 0.05 0.2  0.06 0.74 0.24 0.18 1.12 0.44 0.02 0.01 0.39
 0.82 0.13 0.19 0.31 0.05 0.04 0.04 0.08 0.27 0.34 0.04 0.38 0.17 0.01
 0.16 0.06 0.53 0.27 1.26 0.17 0.44 0.16 0.26 0.02 0.14 0.46 0.6  0.07
 0.02 0.09 0.27 0.04 0.13 0.1  0.28 0.03 0.08 0.06 0.04 0.48 0.15 0.21
 0.32 0.17 0.56 0.31 0.06 0.12 0.32 0.27 0.06 0.29 0.02 0.36 0.04 0.48
 0.97 0.29 0.09 0.23 0.43 0.24]' for dtype 'int64'
2026-03-25 16:01:55,947 - yfinance - ERROR - HTTP Error 404: {"quoteSummary":{"result":null,"error":{"code":"Not Found","description":"Quote not found for symbol: 4250"}}}
2026-03-25 16:01:56,853 - yfinance - ERROR - $4250: possibly delisted; no timezone found
2026-03-25 16:01:57,668 - analysis.technical.analyzer - ERROR - ОШГ Эн ЗбКНбнб ЗбЭдн: Invalid value '[0.21 0.19 0.19 0.08 0.2  0.03 0.1  0.06 0.04 0.03 0.08 0.18 0.01 0.03
 0.26 0.22 0.09 0.39 0.01 0.12 0.19 0.37 0.11 0.1  0.05 0.02 0.19 0.01
 0.02 0.1  0.06 0.14 0.09 0.23 0.03 0.08 0.07 0.15 0.06 0.29 0.09 0.12
 0.1  0.1  0.21 0.02 0.02 0.08 0.04 0.1  0.04 0.01 0.1  0.07 0.06 0.04
 0.02 0.05 0.01 0.07 0.02 0.06 0.08 0.14 0.09 0.07 0.09 0.07 0.05 0.04
 0.07 0.38 0.01 0.11 0.09 0.15 0.07 0.04 0.02 0.25 0.05 0.28 0.07 0.03
 0.43]' for dtype 'int64'
2026-03-25 16:01:58,357 - yfinance - ERROR - HTTP Error 404: {"quoteSummary":{"result":null,"error":{"code":"Not Found","description":"Quote not found for symbol: 2200"}}}
2026-03-25 16:01:59,490 - yfinance - ERROR - $2200: possibly delisted; no timezone found
2026-03-25 16:02:01,228 - analysis.technical.analyzer - ERROR - ОШГ Эн ЗбКНбнб ЗбЭдн: Invalid value '[ 1.6   2.    2.9   1.4   0.8   0.5   0.4   1.4   0.1   0.1   0.4   1.1
  0.6   0.2   0.4   0.7   0.7   2.3   1.8   1.4   0.6   3.    0.2   2.4
  0.1   0.5   0.2   0.75  0.1   1.15  0.1   0.25  0.6   0.8   0.3   0.4
  0.4   0.3   1.    0.55  0.75  0.55  0.15  0.1   0.65  2.1   9.15 10.2
  0.9   2.4   1.7   0.1   0.8   0.1   0.6   1.1   0.3   0.3   1.    1.
  0.1   0.85  0.85  2.    0.9   1.2   0.3   0.6   0.45  1.35  0.3   1.95
  0.95  1.5   0.8   1.3   0.1   2.9   2.2   1.    0.8   0.2   0.3   0.3
  0.3   0.45  2.25  0.5   2.2   0.3   0.4   2.4   0.7 ]' for dtype 'int64'
2026-03-25 16:02:01,995 - yfinance - ERROR - HTTP Error 404: {"quoteSummary":{"result":null,"error":{"code":"Not Found","description":"Quote not found for symbol: 1120"}}}
2026-03-25 16:02:03,049 - yfinance - ERROR - $1120: possibly delisted; no timezone found
2026-03-25 16:02:04,050 - analysis.technical.analyzer - ERROR - ОШГ Эн ЗбКНбнб ЗбЭдн: Invalid value '[0.148 0.2   0.253 0.012 0.169 0.011 0.07  0.01  0.08  0.02  0.02  0.12
 0.065 0.1   0.07  0.11  0.021 0.02  0.398 0.18  0.15  0.05  0.1   0.05
 0.009 0.2   0.03  0.07  0.2   0.05  0.01  0.2   0.145 0.1   0.05  0.19
 0.13  0.179 0.21  0.2   0.467 0.01  0.09  0.16  0.1   0.05  0.26  0.1
 0.01  0.29  1.3   0.19  0.061 1.12  0.049 0.16  0.62  0.04  0.03  0.25
 0.02  0.02  0.09  0.12  0.21  0.03  0.07  0.1   0.11  0.028 0.142 1.01
 0.3   0.199 0.4   0.07  0.65  0.06  0.749 0.35  0.1   0.05  0.779 0.25
 0.4   0.6   0.518 0.002 0.1   0.302 0.2  ]' for dtype 'int64'
2026-03-25 16:02:04,708 - yfinance - ERROR - HTTP Error 404: {"quoteSummary":{"result":null,"error":{"code":"Not Found","description":"Quote not found for symbol: 1113"}}}
2026-03-25 16:02:05,696 - yfinance - ERROR - $1113: possibly delisted; no timezone found
2026-03-25 16:02:06,507 - analysis.technical.analyzer - ERROR - ОШГ Эн ЗбКНбнб ЗбЭдн: Invalid value '[0.25 0.04 0.11 0.05 0.06 0.03 0.05 0.01 0.06 0.16 0.02 0.1  0.01 0.04
 0.06 0.06 0.04 0.03 0.15 0.03 0.03 0.04 0.04 0.04 0.03 0.1  0.07 0.01
 0.04 0.01 0.04 0.03 0.02 0.02 0.01 0.02 0.06 0.02 0.05 0.07 0.03 0.01
 0.07 0.02 0.06 0.05 0.06 0.01 0.03 0.01 0.07 0.02 0.02 0.01 0.01 0.01
 0.03 0.03 0.04 0.05 0.08 0.01 0.03 0.01 0.01 0.01 0.02 0.01 0.04 0.02
 0.04 0.03 0.03 0.03 0.04 0.03 0.05]' for dtype 'int64'
2026-03-25 16:02:07,397 - yfinance - ERROR - HTTP Error 404: {"quoteSummary":{"result":null,"error":{"code":"Not Found","description":"Quote not found for symbol: 4110"}}}
2026-03-25 16:02:08,333 - yfinance - ERROR - $4110: possibly delisted; no timezone found
2026-03-25 16:02:15,944 - system_integration - INFO - Received parameters: {'action': 'recommend', 'risk_profile': 'moderate', 'investment_horizon': 'medium', 'sectors': ['technology'], 'max_results': 5}
2026-03-25 16:02:15,944 - system_integration - INFO - System Integration initialized
2026-03-25 16:02:17,568 - system_integration - INFO - Component loaded: recommendation
2026-03-25 16:02:19,339 - analysis.technical.analyzer - ERROR - ОШГ Эн ЗбКНбнб ЗбЭдн: Invalid value '[0.05 0.07 0.05 0.06 0.16 0.04 0.03 0.02 0.01 0.09 0.08 0.03 0.02 0.01
 0.06 0.04 0.02 0.02 0.1  0.02 0.09 0.1  0.11 0.02 0.06 0.07 0.01 0.04
 0.02 0.04 0.04 0.01 0.03 0.02 0.02 0.02 0.01 0.01 0.06 0.05 0.03 0.01
 0.01 0.01 0.03 0.01 0.02 0.03 0.06 0.01 0.03 0.02 0.02 0.06 0.01 0.03
 0.02 0.01 0.02 0.03 0.01 0.01 0.01 0.01 0.01 0.03 0.06 0.01 0.04 0.02
 0.01 0.02 0.01 0.01 0.13 0.17 0.07 0.04 0.03 0.03 0.02 0.12 0.05]' for dtype 'int64'
2026-03-25 16:02:20,904 - yfinance - ERROR - HTTP Error 404: {"quoteSummary":{"result":null,"error":{"code":"Not Found","description":"Quote not found for symbol: 6015"}}}
2026-03-25 16:02:21,860 - yfinance - ERROR - $6015: possibly delisted; no timezone found
2026-03-25 16:02:22,779 - analysis.technical.analyzer - ERROR - ОШГ Эн ЗбКНбнб ЗбЭдн: Invalid value '[0.25 0.1  0.15 0.75 0.9  0.05 0.25 0.05 0.07 0.09 0.65 0.45 0.1  0.05
 0.3  0.29 0.54 0.1  0.1  0.19 0.23 0.11 0.25 0.05 0.07 0.18 0.05 0.06
 0.1  0.21 0.08 0.11 0.05 0.03 0.06 0.06 0.12 0.77 0.42 0.52 0.38 0.47
 0.19 0.07 0.09 0.12 0.23 0.01 0.47 1.06 0.02 0.2  0.08 0.26 0.08 0.08
 0.04 0.04 0.12 0.04 0.01 0.01 0.23 0.07 0.16 0.14 0.08 0.05 0.2  0.52
 0.15 0.56 0.17 0.06 0.04 0.06 0.18 0.44 0.34 0.38 0.1  0.06 0.18 0.16
 0.04 0.1  0.28 0.48 0.5  0.36 0.26 0.52 0.06 0.1 ]' for dtype 'int64'
2026-03-25 16:02:23,464 - yfinance - ERROR - HTTP Error 404: {"quoteSummary":{"result":null,"error":{"code":"Not Found","description":"Quote not found for symbol: 2222"}}}
2026-03-25 16:02:24,568 - yfinance - ERROR - $2222: possibly delisted; no timezone found
2026-03-25 16:02:25,455 - analysis.technical.analyzer - ERROR - ОШГ Эн ЗбКНбнб ЗбЭдн: Invalid value '[0.05 0.03 0.13 0.18 0.01 0.06 0.05 0.01 0.34 0.15 0.01 0.03 0.1  0.03
 0.1  0.02 0.19 0.45 0.11 0.03 0.27 0.07 0.05 0.18 0.16 0.02 0.04 0.04
 0.05 0.24 0.05 0.22 0.16 0.11 0.01 0.08 0.04 0.02 0.15 0.01 0.22 0.01
 0.06 0.23 0.08 0.33 0.41 0.09 0.04 0.06 0.15 0.35 0.29 0.07 0.16 0.03
 0.02 0.08 0.08 0.06 0.1  0.06 0.05 0.02 0.02 0.15 0.02 0.01 0.14 0.07
 0.18 0.04 0.07 0.07 0.04 0.11 0.08 0.04 0.01 0.27 0.47 0.4  0.19 0.02
 0.17 0.14 0.34 0.22 0.02 0.07 0.06]' for dtype 'int64'
2026-03-25 16:02:26,191 - yfinance - ERROR - HTTP Error 404: {"quoteSummary":{"result":null,"error":{"code":"Not Found","description":"Quote not found for symbol: 2350"}}}
2026-03-25 16:02:27,105 - yfinance - ERROR - $2350: possibly delisted; no timezone found
2026-03-25 16:02:27,860 - analysis.technical.analyzer - ERROR - ОШГ Эн ЗбКНбнб ЗбЭдн: Invalid value '[0.65 0.55 0.2  0.45 0.2  0.3  0.15 0.2  0.35 0.1  0.05 0.05 0.1  0.1
 0.05 0.5  0.3  0.35 0.25 0.4  1.2  0.05 0.25 0.02 0.36 0.34 0.14 0.3
 0.1  0.12 0.2  0.18 0.1  0.08 0.06 0.16 0.04 0.16 0.08 0.08 0.15 0.03
 0.07 0.22 0.5  2.52 0.22 0.18 0.1  0.06 0.06 0.04 0.14 0.02 0.04 0.16
 0.08 0.14 0.12 0.01 0.04 0.03 0.25 0.01 0.32 0.1  0.04 0.09 0.31 0.07
 0.24 0.8  0.28 0.16 0.44 0.8  0.08 0.04 0.02 0.6  0.2  1.04 0.1  0.24
 0.18 0.16 0.1  0.14 0.42 0.18 0.28 0.78 0.42 0.22 0.16 0.12 0.66]' for dtype 'int64'
2026-03-25 16:02:28,575 - yfinance - ERROR - HTTP Error 404: {"quoteSummary":{"result":null,"error":{"code":"Not Found","description":"Quote not found for symbol: 1150"}}}
2026-03-25 16:02:29,445 - yfinance - ERROR - $1150: possibly delisted; no timezone found
2026-03-25 16:02:30,341 - analysis.technical.analyzer - ERROR - ОШГ Эн ЗбКНбнб ЗбЭдн: Invalid value '[0.6  0.65 0.35 0.8  0.4  0.3  0.1  1.6  0.2  0.25 0.2  0.05 0.1  0.15
 0.1  0.35 0.4  0.25 0.55 0.65 0.3  0.35 0.15 1.45 0.3  0.15 0.14 0.26
 0.04 1.08 0.06 0.66 0.08 0.18 0.2  0.12 0.1  0.56 0.02 0.04 0.26 0.16
 0.06 0.06 0.64 0.04 0.66 0.1  3.44 2.4  0.84 0.06 0.44 0.02 0.2  0.26
 0.2  0.4  0.12 0.72 0.5  0.62 0.22 0.1  0.06 0.12 0.02 0.8  0.24 0.26
 0.08 0.28 0.34 0.8  0.42 0.04 0.06 0.2  1.74 0.84 0.06 1.1  0.88 0.1
 0.86 1.3  0.4  0.24 0.5  0.3  0.12 0.66 0.12 0.96 0.14 0.08 0.2  0.16
 1.34 0.98]' for dtype 'int64'
2026-03-25 16:02:31,086 - yfinance - ERROR - HTTP Error 404: {"quoteSummary":{"result":null,"error":{"code":"Not Found","description":"Quote not found for symbol: 1180"}}}
2026-03-25 16:02:32,100 - yfinance - ERROR - $1180: possibly delisted; no timezone found
2026-03-25 16:02:32,943 - analysis.technical.analyzer - ERROR - ОШГ Эн ЗбКНбнб ЗбЭдн: Invalid value '[0.3  0.1  0.48 0.38 0.16 0.42 0.22 0.3  1.74 0.05 0.25 1.05 0.2  0.3
 0.05 0.1  0.45 0.05 0.2  0.06 0.74 0.24 0.18 1.12 0.44 0.02 0.01 0.39
 0.82 0.13 0.19 0.31 0.05 0.04 0.04 0.08 0.27 0.34 0.04 0.38 0.17 0.01
 0.16 0.06 0.53 0.27 1.26 0.17 0.44 0.16 0.26 0.02 0.14 0.46 0.6  0.07
 0.02 0.09 0.27 0.04 0.13 0.1  0.28 0.03 0.08 0.06 0.04 0.48 0.15 0.21
 0.32 0.17 0.56 0.31 0.06 0.12 0.32 0.27 0.06 0.29 0.02 0.36 0.04 0.48
 0.97 0.29 0.09 0.23 0.43 0.24]' for dtype 'int64'
2026-03-25 16:02:33,581 - yfinance - ERROR - HTTP Error 404: {"quoteSummary":{"result":null,"error":{"code":"Not Found","description":"Quote not found for symbol: 4250"}}}
2026-03-25 16:02:34,571 - yfinance - ERROR - $4250: possibly delisted; no timezone found
2026-03-25 16:02:35,438 - analysis.technical.analyzer - ERROR - ОШГ Эн ЗбКНбнб ЗбЭдн: Invalid value '[0.21 0.19 0.19 0.08 0.2  0.03 0.1  0.06 0.04 0.03 0.08 0.18 0.01 0.03
 0.26 0.22 0.09 0.39 0.01 0.12 0.19 0.37 0.11 0.1  0.05 0.02 0.19 0.01
 0.02 0.1  0.06 0.14 0.09 0.23 0.03 0.08 0.07 0.15 0.06 0.29 0.09 0.12
 0.1  0.1  0.21 0.02 0.02 0.08 0.04 0.1  0.04 0.01 0.1  0.07 0.06 0.04
 0.02 0.05 0.01 0.07 0.02 0.06 0.08 0.14 0.09 0.07 0.09 0.07 0.05 0.04
 0.07 0.38 0.01 0.11 0.09 0.15 0.07 0.04 0.02 0.25 0.05 0.28 0.07 0.03
 0.43]' for dtype 'int64'
2026-03-25 16:02:36,128 - yfinance - ERROR - HTTP Error 404: {"quoteSummary":{"result":null,"error":{"code":"Not Found","description":"Quote not found for symbol: 2200"}}}
2026-03-25 16:02:37,054 - yfinance - ERROR - $2200: possibly delisted; no timezone found
2026-03-25 16:02:37,883 - analysis.technical.analyzer - ERROR - ОШГ Эн ЗбКНбнб ЗбЭдн: Invalid value '[ 1.6   2.    2.9   1.4   0.8   0.5   0.4   1.4   0.1   0.1   0.4   1.1
  0.6   0.2   0.4   0.7   0.7   2.3   1.8   1.4   0.6   3.    0.2   2.4
  0.1   0.5   0.2   0.75  0.1   1.15  0.1   0.25  0.6   0.8   0.3   0.4
  0.4   0.3   1.    0.55  0.75  0.55  0.15  0.1   0.65  2.1   9.15 10.2
  0.9   2.4   1.7   0.1   0.8   0.1   0.6   1.1   0.3   0.3   1.    1.
  0.1   0.85  0.85  2.    0.9   1.2   0.3   0.6   0.45  1.35  0.3   1.95
  0.95  1.5   0.8   1.3   0.1   2.9   2.2   1.    0.8   0.2   0.3   0.3
  0.3   0.45  2.25  0.5   2.2   0.3   0.4   2.4   0.7 ]' for dtype 'int64'
2026-03-25 16:02:38,588 - yfinance - ERROR - HTTP Error 404: {"quoteSummary":{"result":null,"error":{"code":"Not Found","description":"Quote not found for symbol: 1120"}}}
2026-03-25 16:02:39,586 - yfinance - ERROR - $1120: possibly delisted; no timezone found
2026-03-25 16:02:40,380 - analysis.technical.analyzer - ERROR - ОШГ Эн ЗбКНбнб ЗбЭдн: Invalid value '[0.148 0.2   0.253 0.012 0.169 0.011 0.07  0.01  0.08  0.02  0.02  0.12
 0.065 0.1   0.07  0.11  0.021 0.02  0.398 0.18  0.15  0.05  0.1   0.05
 0.009 0.2   0.03  0.07  0.2   0.05  0.01  0.2   0.145 0.1   0.05  0.19
 0.13  0.179 0.21  0.2   0.467 0.01  0.09  0.16  0.1   0.05  0.26  0.1
 0.01  0.29  1.3   0.19  0.061 1.12  0.049 0.16  0.62  0.04  0.03  0.25
 0.02  0.02  0.09  0.12  0.21  0.03  0.07  0.1   0.11  0.028 0.142 1.01
 0.3   0.199 0.4   0.07  0.65  0.06  0.749 0.35  0.1   0.05  0.779 0.25
 0.4   0.6   0.518 0.002 0.1   0.302 0.2  ]' for dtype 'int64'
2026-03-25 16:02:41,215 - yfinance - ERROR - HTTP Error 404: {"quoteSummary":{"result":null,"error":{"code":"Not Found","description":"Quote not found for symbol: 1113"}}}
2026-03-25 16:02:42,260 - yfinance - ERROR - $1113: possibly delisted; no timezone found
2026-03-25 16:02:43,071 - analysis.technical.analyzer - ERROR - ОШГ Эн ЗбКНбнб ЗбЭдн: Invalid value '[0.25 0.04 0.11 0.05 0.06 0.03 0.05 0.01 0.06 0.16 0.02 0.1  0.01 0.04
 0.06 0.06 0.04 0.03 0.15 0.03 0.03 0.04 0.04 0.04 0.03 0.1  0.07 0.01
 0.04 0.01 0.04 0.03 0.02 0.02 0.01 0.02 0.06 0.02 0.05 0.07 0.03 0.01
 0.07 0.02 0.06 0.05 0.06 0.01 0.03 0.01 0.07 0.02 0.02 0.01 0.01 0.01
 0.03 0.03 0.04 0.05 0.08 0.01 0.03 0.01 0.01 0.01 0.02 0.01 0.04 0.02
 0.04 0.03 0.03 0.03 0.04 0.03 0.05]' for dtype 'int64'
2026-03-25 16:02:43,753 - yfinance - ERROR - HTTP Error 404: {"quoteSummary":{"result":null,"error":{"code":"Not Found","description":"Quote not found for symbol: 4110"}}}
2026-03-25 16:02:44,646 - yfinance - ERROR - $4110: possibly delisted; no timezone found
